- _( n )_ _tᵢ_ = `Σ                                                                      ` = _i?_
---
- _(n=0)_ _p₁_ = `397                                                                    ` = 397 
- _(n=1)_ _p₂_ = `397+401                                                                ` = 798 
- _(n=2)_ _p₃_ = `397+401+409                                                            ` = 1207
- _(n=3)_ _p₄_ = `397+401+409+419                                                        ` = 1626
- _(n=4)_ _p₅_ = `397+401+409+419+421                                                    ` = 2047
- _(n=5)_ _p₆_ = `397+401+409+419+421+431                                                ` = 2478
- _(n=6)_ _p₇_ = `397+401+409+419+421+431+433                                            ` = 2911
- _(n=7)_ _p₈_ = `397+401+409+419+421+431+433+439                                        ` = 3350
- _(n=8)_ _p₉_ = `397+401+409+419+421+431+433+439+443                                    ` = 3793
- _(n=9)_ _p₁₀_ = `397+401+409+419+421+431+433+439+443+449                                ` = 4242
- _(n=10)_ _p₁₁_ = `397+401+409+419+421+431+433+439+443+449+457                            ` = 4699
- _(n=11)_ _p₁₂_ = `397+401+409+419+421+431+433+439+443+449+457+461                        ` = 5160
- _(n=12)_ _p₁₃_ = `397+401+409+419+421+431+433+439+443+449+457+461+463                    ` = 5623
- _(n=13)_ _p₁₄_ = `397+401+409+419+421+431+433+439+443+449+457+461+463+467                ` = 6090
- _(n=14)_ _p₁₅_ = `397+401+409+419+421+431+433+439+443+449+457+461+463+467+479            ` = 6569
- _(n=15)_ _p₁₆_ = `397+401+409+419+421+431+433+439+443+449+457+461+463+467+479+487        ` = 7056
- _(n=16)_ _p₁₇_ = `397+401+409+419+421+431+433+439+443+449+457+461+463+467+479+487+491    ` = 7547
- _(n=17)_ _p₁₈_ = `397+401+409+419+421+431+433+439+443+449+457+461+463+467+479+487+491+499` = 8046
