- _( n )_ _tᵢ_ = `Σ                                                                      ` = _i?_
---
- _(n=0)_ _p₁_ = `151                                                                    ` = 151 
- _(n=1)_ _p₂_ = `151+157                                                                ` = 308 
- _(n=2)_ _p₃_ = `151+157+163                                                            ` = 471 
- _(n=3)_ _p₄_ = `151+157+163+167                                                        ` = 638 
- _(n=4)_ _p₅_ = `151+157+163+167+173                                                    ` = 811 
- _(n=5)_ _p₆_ = `151+157+163+167+173+179                                                ` = 990 
- _(n=6)_ _p₇_ = `151+157+163+167+173+179+181                                            ` = 1171
- _(n=7)_ _p₈_ = `151+157+163+167+173+179+181+191                                        ` = 1362
- _(n=8)_ _p₉_ = `151+157+163+167+173+179+181+191+193                                    ` = 1555
- _(n=9)_ _p₁₀_ = `151+157+163+167+173+179+181+191+193+197                                ` = 1752
- _(n=10)_ _p₁₁_ = `151+157+163+167+173+179+181+191+193+197+199                            ` = 1951
- _(n=11)_ _p₁₂_ = `151+157+163+167+173+179+181+191+193+197+199+211                        ` = 2162
- _(n=12)_ _p₁₃_ = `151+157+163+167+173+179+181+191+193+197+199+211+223                    ` = 2385
- _(n=13)_ _p₁₄_ = `151+157+163+167+173+179+181+191+193+197+199+211+223+227                ` = 2612
- _(n=14)_ _p₁₅_ = `151+157+163+167+173+179+181+191+193+197+199+211+223+227+229            ` = 2841
- _(n=15)_ _p₁₆_ = `151+157+163+167+173+179+181+191+193+197+199+211+223+227+229+233        ` = 3074
- _(n=16)_ _p₁₇_ = `151+157+163+167+173+179+181+191+193+197+199+211+223+227+229+233+239    ` = 3313
- _(n=17)_ _p₁₈_ = `151+157+163+167+173+179+181+191+193+197+199+211+223+227+229+233+239+241` = 3554
