- _( n )_ _tᵢ_ = `Σ                                                                      ` = _i?_
---
- _(n=0)_ _p₁_ = `463                                                                    ` = 463 
- _(n=1)_ _p₂_ = `463+467                                                                ` = 930 
- _(n=2)_ _p₃_ = `463+467+479                                                            ` = 1409
- _(n=3)_ _p₄_ = `463+467+479+487                                                        ` = 1896
- _(n=4)_ _p₅_ = `463+467+479+487+491                                                    ` = 2387
- _(n=5)_ _p₆_ = `463+467+479+487+491+499                                                ` = 2886
- _(n=6)_ _p₇_ = `463+467+479+487+491+499+503                                            ` = 3389
- _(n=7)_ _p₈_ = `463+467+479+487+491+499+503+509                                        ` = 3898
- _(n=8)_ _p₉_ = `463+467+479+487+491+499+503+509+521                                    ` = 4419
- _(n=9)_ _p₁₀_ = `463+467+479+487+491+499+503+509+521+523                                ` = 4942
- _(n=10)_ _p₁₁_ = `463+467+479+487+491+499+503+509+521+523+541                            ` = 5483
- _(n=11)_ _p₁₂_ = `463+467+479+487+491+499+503+509+521+523+541+547                        ` = 6030
- _(n=12)_ _p₁₃_ = `463+467+479+487+491+499+503+509+521+523+541+547+557                    ` = 6587
- _(n=13)_ _p₁₄_ = `463+467+479+487+491+499+503+509+521+523+541+547+557+563                ` = 7150
- _(n=14)_ _p₁₅_ = `463+467+479+487+491+499+503+509+521+523+541+547+557+563+569            ` = 7719
- _(n=15)_ _p₁₆_ = `463+467+479+487+491+499+503+509+521+523+541+547+557+563+569+571        ` = 8290
- _(n=16)_ _p₁₇_ = `463+467+479+487+491+499+503+509+521+523+541+547+557+563+569+571+577    ` = 8867
- _(n=17)_ _p₁₈_ = `463+467+479+487+491+499+503+509+521+523+541+547+557+563+569+571+577+587` = 9454
