- _( n )_ _tᵢ_ = `Σ                                                         ` = _i?_
---
- _(n=0)_ _p₁_ = `41                                                        ` = 41  
- _(n=1)_ _p₂_ = `41+43                                                     ` = 84  
- _(n=2)_ _p₃_ = `41+43+47                                                  ` = 131 
- _(n=3)_ _p₄_ = `41+43+47+53                                               ` = 184 
- _(n=4)_ _p₅_ = `41+43+47+53+59                                            ` = 243 
- _(n=5)_ _p₆_ = `41+43+47+53+59+61                                         ` = 304 
- _(n=6)_ _p₇_ = `41+43+47+53+59+61+67                                      ` = 371 
- _(n=7)_ _p₈_ = `41+43+47+53+59+61+67+71                                   ` = 442 
- _(n=8)_ _p₉_ = `41+43+47+53+59+61+67+71+73                                ` = 515 
- _(n=9)_ _p₁₀_ = `41+43+47+53+59+61+67+71+73+79                             ` = 594 
- _(n=10)_ _p₁₁_ = `41+43+47+53+59+61+67+71+73+79+83                          ` = 677 
- _(n=11)_ _p₁₂_ = `41+43+47+53+59+61+67+71+73+79+83+89                       ` = 766 
- _(n=12)_ _p₁₃_ = `41+43+47+53+59+61+67+71+73+79+83+89+97                    ` = 863 
- _(n=13)_ _p₁₄_ = `41+43+47+53+59+61+67+71+73+79+83+89+97+101                ` = 964 
- _(n=14)_ _p₁₅_ = `41+43+47+53+59+61+67+71+73+79+83+89+97+101+103            ` = 1067
- _(n=15)_ _p₁₆_ = `41+43+47+53+59+61+67+71+73+79+83+89+97+101+103+107        ` = 1174
- _(n=16)_ _p₁₇_ = `41+43+47+53+59+61+67+71+73+79+83+89+97+101+103+107+109    ` = 1283
- _(n=17)_ _p₁₈_ = `41+43+47+53+59+61+67+71+73+79+83+89+97+101+103+107+109+113` = 1396
