- _( n )_ _tᵢ_ = `Σ                                                             ` = _i?_
---
- _(n=0)_ _p₁_ = `59                                                            ` = 59  
- _(n=1)_ _p₂_ = `59+61                                                         ` = 120 
- _(n=2)_ _p₃_ = `59+61+67                                                      ` = 187 
- _(n=3)_ _p₄_ = `59+61+67+71                                                   ` = 258 
- _(n=4)_ _p₅_ = `59+61+67+71+73                                                ` = 331 
- _(n=5)_ _p₆_ = `59+61+67+71+73+79                                             ` = 410 
- _(n=6)_ _p₇_ = `59+61+67+71+73+79+83                                          ` = 493 
- _(n=7)_ _p₈_ = `59+61+67+71+73+79+83+89                                       ` = 582 
- _(n=8)_ _p₉_ = `59+61+67+71+73+79+83+89+97                                    ` = 679 
- _(n=9)_ _p₁₀_ = `59+61+67+71+73+79+83+89+97+101                                ` = 780 
- _(n=10)_ _p₁₁_ = `59+61+67+71+73+79+83+89+97+101+103                            ` = 883 
- _(n=11)_ _p₁₂_ = `59+61+67+71+73+79+83+89+97+101+103+107                        ` = 990 
- _(n=12)_ _p₁₃_ = `59+61+67+71+73+79+83+89+97+101+103+107+109                    ` = 1099
- _(n=13)_ _p₁₄_ = `59+61+67+71+73+79+83+89+97+101+103+107+109+113                ` = 1212
- _(n=14)_ _p₁₅_ = `59+61+67+71+73+79+83+89+97+101+103+107+109+113+127            ` = 1339
- _(n=15)_ _p₁₆_ = `59+61+67+71+73+79+83+89+97+101+103+107+109+113+127+131        ` = 1470
- _(n=16)_ _p₁₇_ = `59+61+67+71+73+79+83+89+97+101+103+107+109+113+127+131+137    ` = 1607
- _(n=17)_ _p₁₈_ = `59+61+67+71+73+79+83+89+97+101+103+107+109+113+127+131+137+139` = 1746
