- _( n )_ _tᵢ_ = `Σ                                                ` = _i?_
---
- _(n=0)_ _p₁_ = `2                                                ` = 2  
- _(n=1)_ _p₂_ = `2+3                                              ` = 5  
- _(n=2)_ _p₃_ = `2+3+7                                            ` = 12 
- _(n=3)_ _p₄_ = `2+3+7+11                                         ` = 23 
- _(n=4)_ _p₅_ = `2+3+7+11+17                                      ` = 40 
- _(n=5)_ _p₆_ = `2+3+7+11+17+41                                   ` = 81 
- _(n=6)_ _p₇_ = `2+3+7+11+17+41+47                                ` = 128
- _(n=7)_ _p₈_ = `2+3+7+11+17+41+47+83                             ` = 211
- _(n=8)_ _p₉_ = `2+3+7+11+17+41+47+83+89                          ` = 300
- _(n=9)_ _p₁₀_ = `2+3+7+11+17+41+47+83+89+307                      ` = 607
- _(n=10)_ _p₁₁_ = `2+3+7+11+17+41+47+83+89+307+311                  ` = 918
- _(n=11)_ _p₁₂_ = `2+3+7+11+17+41+47+83+89+307+311+613              ` = 1531
- _(n=12)_ _p₁₃_ = `2+3+7+11+17+41+47+83+89+307+311+613+617          ` = 2148
- _(n=13)_ _p₁₄_ = `2+3+7+11+17+41+47+83+89+307+311+613+617+919      ` = 3067
- _(n=14)_ _p₁₅_ = `2+3+7+11+17+41+47+83+89+307+311+613+617+919+2801 ` = 5868
- _(n=15)_ _p₁₆_ = `2+3+7+11+17+41+47+83+89+307+311+613+617+919+2801+3109` = 8977
- _(n=16)_ _p₁₇_ = `2+3+7+11+17+41+47+83+89+307+311+613+617+919+2801+3109+3413` = 12390
- _(n=17)_ _p₁₈_ = `2+3+7+11+17+41+47+83+89+307+311+613+617+919+2801+3109+3413+9283` = 21673
