- _( n )_ _tᵢ_ = `Σ                                                                ` = _i?_
---
- _(n=0)_ _p₁_ = `71                                                               ` = 71  
- _(n=1)_ _p₂_ = `71+73                                                            ` = 144 
- _(n=2)_ _p₃_ = `71+73+79                                                         ` = 223 
- _(n=3)_ _p₄_ = `71+73+79+83                                                      ` = 306 
- _(n=4)_ _p₅_ = `71+73+79+83+89                                                   ` = 395 
- _(n=5)_ _p₆_ = `71+73+79+83+89+97                                                ` = 492 
- _(n=6)_ _p₇_ = `71+73+79+83+89+97+101                                            ` = 593 
- _(n=7)_ _p₈_ = `71+73+79+83+89+97+101+103                                        ` = 696 
- _(n=8)_ _p₉_ = `71+73+79+83+89+97+101+103+107                                    ` = 803 
- _(n=9)_ _p₁₀_ = `71+73+79+83+89+97+101+103+107+109                                ` = 912 
- _(n=10)_ _p₁₁_ = `71+73+79+83+89+97+101+103+107+109+113                            ` = 1025
- _(n=11)_ _p₁₂_ = `71+73+79+83+89+97+101+103+107+109+113+127                        ` = 1152
- _(n=12)_ _p₁₃_ = `71+73+79+83+89+97+101+103+107+109+113+127+131                    ` = 1283
- _(n=13)_ _p₁₄_ = `71+73+79+83+89+97+101+103+107+109+113+127+131+137                ` = 1420
- _(n=14)_ _p₁₅_ = `71+73+79+83+89+97+101+103+107+109+113+127+131+137+139            ` = 1559
- _(n=15)_ _p₁₆_ = `71+73+79+83+89+97+101+103+107+109+113+127+131+137+139+149        ` = 1708
- _(n=16)_ _p₁₇_ = `71+73+79+83+89+97+101+103+107+109+113+127+131+137+139+149+151    ` = 1859
- _(n=17)_ _p₁₈_ = `71+73+79+83+89+97+101+103+107+109+113+127+131+137+139+149+151+157` = 2016
