- _( n )_ _tᵢ_ = `Σ                                                                      ` = _i?_
---
- _(n=0)_ _p₁_ = `131                                                                    ` = 131 
- _(n=1)_ _p₂_ = `131+137                                                                ` = 268 
- _(n=2)_ _p₃_ = `131+137+139                                                            ` = 407 
- _(n=3)_ _p₄_ = `131+137+139+149                                                        ` = 556 
- _(n=4)_ _p₅_ = `131+137+139+149+151                                                    ` = 707 
- _(n=5)_ _p₆_ = `131+137+139+149+151+157                                                ` = 864 
- _(n=6)_ _p₇_ = `131+137+139+149+151+157+163                                            ` = 1027
- _(n=7)_ _p₈_ = `131+137+139+149+151+157+163+167                                        ` = 1194
- _(n=8)_ _p₉_ = `131+137+139+149+151+157+163+167+173                                    ` = 1367
- _(n=9)_ _p₁₀_ = `131+137+139+149+151+157+163+167+173+179                                ` = 1546
- _(n=10)_ _p₁₁_ = `131+137+139+149+151+157+163+167+173+179+181                            ` = 1727
- _(n=11)_ _p₁₂_ = `131+137+139+149+151+157+163+167+173+179+181+191                        ` = 1918
- _(n=12)_ _p₁₃_ = `131+137+139+149+151+157+163+167+173+179+181+191+193                    ` = 2111
- _(n=13)_ _p₁₄_ = `131+137+139+149+151+157+163+167+173+179+181+191+193+197                ` = 2308
- _(n=14)_ _p₁₅_ = `131+137+139+149+151+157+163+167+173+179+181+191+193+197+199            ` = 2507
- _(n=15)_ _p₁₆_ = `131+137+139+149+151+157+163+167+173+179+181+191+193+197+199+211        ` = 2718
- _(n=16)_ _p₁₇_ = `131+137+139+149+151+157+163+167+173+179+181+191+193+197+199+211+223    ` = 2941
- _(n=17)_ _p₁₈_ = `131+137+139+149+151+157+163+167+173+179+181+191+193+197+199+211+223+227` = 3168
