- _( n )_ _tᵢ_ = `Σ                                                    ` = _i?_
---
- _(n=0)_ _p₁_ = `19                                                   ` = 19  
- _(n=1)_ _p₂_ = `19+23                                                ` = 42  
- _(n=2)_ _p₃_ = `19+23+29                                             ` = 71  
- _(n=3)_ _p₄_ = `19+23+29+31                                          ` = 102 
- _(n=4)_ _p₅_ = `19+23+29+31+37                                       ` = 139 
- _(n=5)_ _p₆_ = `19+23+29+31+37+41                                    ` = 180 
- _(n=6)_ _p₇_ = `19+23+29+31+37+41+43                                 ` = 223 
- _(n=7)_ _p₈_ = `19+23+29+31+37+41+43+47                              ` = 270 
- _(n=8)_ _p₉_ = `19+23+29+31+37+41+43+47+53                           ` = 323 
- _(n=9)_ _p₁₀_ = `19+23+29+31+37+41+43+47+53+59                        ` = 382 
- _(n=10)_ _p₁₁_ = `19+23+29+31+37+41+43+47+53+59+61                     ` = 443 
- _(n=11)_ _p₁₂_ = `19+23+29+31+37+41+43+47+53+59+61+67                  ` = 510 
- _(n=12)_ _p₁₃_ = `19+23+29+31+37+41+43+47+53+59+61+67+433              ` = 943 
- _(n=13)_ _p₁₄_ = `19+23+29+31+37+41+43+47+53+59+61+67+433+461          ` = 1404
- _(n=14)_ _p₁₅_ = `19+23+29+31+37+41+43+47+53+59+61+67+433+461+1327     ` = 2731
- _(n=15)_ _p₁₆_ = `19+23+29+31+37+41+43+47+53+59+61+67+433+461+1327+1823` = 4554
- _(n=16)_ _p₁₇_ = `19+23+29+31+37+41+43+47+53+59+61+67+433+461+1327+1823+2749` = 7303
- _(n=17)_ _p₁₈_ = `19+23+29+31+37+41+43+47+53+59+61+67+433+461+1327+1823+2749+4547` = 11850
