- _( n )_ _tᵢ_ = `Σ                                                                      ` = _i?_
---
- _(n=0)_ _p₁_ = `367                                                                    ` = 367 
- _(n=1)_ _p₂_ = `367+373                                                                ` = 740 
- _(n=2)_ _p₃_ = `367+373+379                                                            ` = 1119
- _(n=3)_ _p₄_ = `367+373+379+383                                                        ` = 1502
- _(n=4)_ _p₅_ = `367+373+379+383+389                                                    ` = 1891
- _(n=5)_ _p₆_ = `367+373+379+383+389+397                                                ` = 2288
- _(n=6)_ _p₇_ = `367+373+379+383+389+397+401                                            ` = 2689
- _(n=7)_ _p₈_ = `367+373+379+383+389+397+401+409                                        ` = 3098
- _(n=8)_ _p₉_ = `367+373+379+383+389+397+401+409+419                                    ` = 3517
- _(n=9)_ _p₁₀_ = `367+373+379+383+389+397+401+409+419+421                                ` = 3938
- _(n=10)_ _p₁₁_ = `367+373+379+383+389+397+401+409+419+421+431                            ` = 4369
- _(n=11)_ _p₁₂_ = `367+373+379+383+389+397+401+409+419+421+431+433                        ` = 4802
- _(n=12)_ _p₁₃_ = `367+373+379+383+389+397+401+409+419+421+431+433+439                    ` = 5241
- _(n=13)_ _p₁₄_ = `367+373+379+383+389+397+401+409+419+421+431+433+439+443                ` = 5684
- _(n=14)_ _p₁₅_ = `367+373+379+383+389+397+401+409+419+421+431+433+439+443+449            ` = 6133
- _(n=15)_ _p₁₆_ = `367+373+379+383+389+397+401+409+419+421+431+433+439+443+449+457        ` = 6590
- _(n=16)_ _p₁₇_ = `367+373+379+383+389+397+401+409+419+421+431+433+439+443+449+457+461    ` = 7051
- _(n=17)_ _p₁₈_ = `367+373+379+383+389+397+401+409+419+421+431+433+439+443+449+457+461+463` = 7514
