- _( n )_ _tᵢ_ = `Σ                                                                      ` = _i?_
---
- _(n=0)_ _p₁_ = `431                                                                    ` = 431 
- _(n=1)_ _p₂_ = `431+433                                                                ` = 864 
- _(n=2)_ _p₃_ = `431+433+439                                                            ` = 1303
- _(n=3)_ _p₄_ = `431+433+439+443                                                        ` = 1746
- _(n=4)_ _p₅_ = `431+433+439+443+449                                                    ` = 2195
- _(n=5)_ _p₆_ = `431+433+439+443+449+457                                                ` = 2652
- _(n=6)_ _p₇_ = `431+433+439+443+449+457+461                                            ` = 3113
- _(n=7)_ _p₈_ = `431+433+439+443+449+457+461+463                                        ` = 3576
- _(n=8)_ _p₉_ = `431+433+439+443+449+457+461+463+467                                    ` = 4043
- _(n=9)_ _p₁₀_ = `431+433+439+443+449+457+461+463+467+479                                ` = 4522
- _(n=10)_ _p₁₁_ = `431+433+439+443+449+457+461+463+467+479+487                            ` = 5009
- _(n=11)_ _p₁₂_ = `431+433+439+443+449+457+461+463+467+479+487+491                        ` = 5500
- _(n=12)_ _p₁₃_ = `431+433+439+443+449+457+461+463+467+479+487+491+499                    ` = 5999
- _(n=13)_ _p₁₄_ = `431+433+439+443+449+457+461+463+467+479+487+491+499+503                ` = 6502
- _(n=14)_ _p₁₅_ = `431+433+439+443+449+457+461+463+467+479+487+491+499+503+509            ` = 7011
- _(n=15)_ _p₁₆_ = `431+433+439+443+449+457+461+463+467+479+487+491+499+503+509+521        ` = 7532
- _(n=16)_ _p₁₇_ = `431+433+439+443+449+457+461+463+467+479+487+491+499+503+509+521+523    ` = 8055
- _(n=17)_ _p₁₈_ = `431+433+439+443+449+457+461+463+467+479+487+491+499+503+509+521+523+541` = 8596
