- _( n )_ _tᵢ_ = `Σ                                                      ` = _i?_
---
- _(n=0)_ _p₁_ = `29                                                     ` = 29  
- _(n=1)_ _p₂_ = `29+31                                                  ` = 60  
- _(n=2)_ _p₃_ = `29+31+37                                               ` = 97  
- _(n=3)_ _p₄_ = `29+31+37+41                                            ` = 138 
- _(n=4)_ _p₅_ = `29+31+37+41+43                                         ` = 181 
- _(n=5)_ _p₆_ = `29+31+37+41+43+47                                      ` = 228 
- _(n=6)_ _p₇_ = `29+31+37+41+43+47+53                                   ` = 281 
- _(n=7)_ _p₈_ = `29+31+37+41+43+47+53+59                                ` = 340 
- _(n=8)_ _p₉_ = `29+31+37+41+43+47+53+59+61                             ` = 401 
- _(n=9)_ _p₁₀_ = `29+31+37+41+43+47+53+59+61+67                          ` = 468 
- _(n=10)_ _p₁₁_ = `29+31+37+41+43+47+53+59+61+67+71                       ` = 539 
- _(n=11)_ _p₁₂_ = `29+31+37+41+43+47+53+59+61+67+71+73                    ` = 612 
- _(n=12)_ _p₁₃_ = `29+31+37+41+43+47+53+59+61+67+71+73+79                 ` = 691 
- _(n=13)_ _p₁₄_ = `29+31+37+41+43+47+53+59+61+67+71+73+79+83              ` = 774 
- _(n=14)_ _p₁₅_ = `29+31+37+41+43+47+53+59+61+67+71+73+79+83+89           ` = 863 
- _(n=15)_ _p₁₆_ = `29+31+37+41+43+47+53+59+61+67+71+73+79+83+89+809       ` = 1672
- _(n=16)_ _p₁₇_ = `29+31+37+41+43+47+53+59+61+67+71+73+79+83+89+809+811   ` = 2483
- _(n=17)_ _p₁₈_ = `29+31+37+41+43+47+53+59+61+67+71+73+79+83+89+809+811+821` = 3304
