- _( n )_ _tᵢ_ = `Σ                                                                      ` = _i?_
---
- _(n=0)_ _p₁_ = `379                                                                    ` = 379 
- _(n=1)_ _p₂_ = `379+383                                                                ` = 762 
- _(n=2)_ _p₃_ = `379+383+389                                                            ` = 1151
- _(n=3)_ _p₄_ = `379+383+389+397                                                        ` = 1548
- _(n=4)_ _p₅_ = `379+383+389+397+401                                                    ` = 1949
- _(n=5)_ _p₆_ = `379+383+389+397+401+409                                                ` = 2358
- _(n=6)_ _p₇_ = `379+383+389+397+401+409+419                                            ` = 2777
- _(n=7)_ _p₈_ = `379+383+389+397+401+409+419+421                                        ` = 3198
- _(n=8)_ _p₉_ = `379+383+389+397+401+409+419+421+431                                    ` = 3629
- _(n=9)_ _p₁₀_ = `379+383+389+397+401+409+419+421+431+433                                ` = 4062
- _(n=10)_ _p₁₁_ = `379+383+389+397+401+409+419+421+431+433+439                            ` = 4501
- _(n=11)_ _p₁₂_ = `379+383+389+397+401+409+419+421+431+433+439+443                        ` = 4944
- _(n=12)_ _p₁₃_ = `379+383+389+397+401+409+419+421+431+433+439+443+449                    ` = 5393
- _(n=13)_ _p₁₄_ = `379+383+389+397+401+409+419+421+431+433+439+443+449+457                ` = 5850
- _(n=14)_ _p₁₅_ = `379+383+389+397+401+409+419+421+431+433+439+443+449+457+461            ` = 6311
- _(n=15)_ _p₁₆_ = `379+383+389+397+401+409+419+421+431+433+439+443+449+457+461+463        ` = 6774
- _(n=16)_ _p₁₇_ = `379+383+389+397+401+409+419+421+431+433+439+443+449+457+461+463+467    ` = 7241
- _(n=17)_ _p₁₈_ = `379+383+389+397+401+409+419+421+431+433+439+443+449+457+461+463+467+479` = 7720
