- _( n )_ _tᵢ_ = `Σ                                                                      ` = _i?_
---
- _(n=0)_ _p₁_ = `409                                                                    ` = 409 
- _(n=1)_ _p₂_ = `409+419                                                                ` = 828 
- _(n=2)_ _p₃_ = `409+419+421                                                            ` = 1249
- _(n=3)_ _p₄_ = `409+419+421+431                                                        ` = 1680
- _(n=4)_ _p₅_ = `409+419+421+431+433                                                    ` = 2113
- _(n=5)_ _p₆_ = `409+419+421+431+433+439                                                ` = 2552
- _(n=6)_ _p₇_ = `409+419+421+431+433+439+443                                            ` = 2995
- _(n=7)_ _p₈_ = `409+419+421+431+433+439+443+449                                        ` = 3444
- _(n=8)_ _p₉_ = `409+419+421+431+433+439+443+449+457                                    ` = 3901
- _(n=9)_ _p₁₀_ = `409+419+421+431+433+439+443+449+457+461                                ` = 4362
- _(n=10)_ _p₁₁_ = `409+419+421+431+433+439+443+449+457+461+463                            ` = 4825
- _(n=11)_ _p₁₂_ = `409+419+421+431+433+439+443+449+457+461+463+467                        ` = 5292
- _(n=12)_ _p₁₃_ = `409+419+421+431+433+439+443+449+457+461+463+467+479                    ` = 5771
- _(n=13)_ _p₁₄_ = `409+419+421+431+433+439+443+449+457+461+463+467+479+487                ` = 6258
- _(n=14)_ _p₁₅_ = `409+419+421+431+433+439+443+449+457+461+463+467+479+487+491            ` = 6749
- _(n=15)_ _p₁₆_ = `409+419+421+431+433+439+443+449+457+461+463+467+479+487+491+499        ` = 7248
- _(n=16)_ _p₁₇_ = `409+419+421+431+433+439+443+449+457+461+463+467+479+487+491+499+503    ` = 7751
- _(n=17)_ _p₁₈_ = `409+419+421+431+433+439+443+449+457+461+463+467+479+487+491+499+503+509` = 8260
