- _( n )_ _tᵢ_ = `Σ                                                                      ` = _i?_
---
- _(n=0)_ _p₁_ = `467                                                                    ` = 467 
- _(n=1)_ _p₂_ = `467+479                                                                ` = 946 
- _(n=2)_ _p₃_ = `467+479+487                                                            ` = 1433
- _(n=3)_ _p₄_ = `467+479+487+491                                                        ` = 1924
- _(n=4)_ _p₅_ = `467+479+487+491+499                                                    ` = 2423
- _(n=5)_ _p₆_ = `467+479+487+491+499+503                                                ` = 2926
- _(n=6)_ _p₇_ = `467+479+487+491+499+503+509                                            ` = 3435
- _(n=7)_ _p₈_ = `467+479+487+491+499+503+509+521                                        ` = 3956
- _(n=8)_ _p₉_ = `467+479+487+491+499+503+509+521+523                                    ` = 4479
- _(n=9)_ _p₁₀_ = `467+479+487+491+499+503+509+521+523+541                                ` = 5020
- _(n=10)_ _p₁₁_ = `467+479+487+491+499+503+509+521+523+541+547                            ` = 5567
- _(n=11)_ _p₁₂_ = `467+479+487+491+499+503+509+521+523+541+547+557                        ` = 6124
- _(n=12)_ _p₁₃_ = `467+479+487+491+499+503+509+521+523+541+547+557+563                    ` = 6687
- _(n=13)_ _p₁₄_ = `467+479+487+491+499+503+509+521+523+541+547+557+563+569                ` = 7256
- _(n=14)_ _p₁₅_ = `467+479+487+491+499+503+509+521+523+541+547+557+563+569+571            ` = 7827
- _(n=15)_ _p₁₆_ = `467+479+487+491+499+503+509+521+523+541+547+557+563+569+571+577        ` = 8404
- _(n=16)_ _p₁₇_ = `467+479+487+491+499+503+509+521+523+541+547+557+563+569+571+577+587    ` = 8991
- _(n=17)_ _p₁₈_ = `467+479+487+491+499+503+509+521+523+541+547+557+563+569+571+577+587+593` = 9584
