- _( n )_ _tᵢ_ = `Σ                                                               ` = _i?_
---
- _(n=0)_ _p₁_ = `67                                                              ` = 67  
- _(n=1)_ _p₂_ = `67+71                                                           ` = 138 
- _(n=2)_ _p₃_ = `67+71+73                                                        ` = 211 
- _(n=3)_ _p₄_ = `67+71+73+79                                                     ` = 290 
- _(n=4)_ _p₅_ = `67+71+73+79+83                                                  ` = 373 
- _(n=5)_ _p₆_ = `67+71+73+79+83+89                                               ` = 462 
- _(n=6)_ _p₇_ = `67+71+73+79+83+89+97                                            ` = 559 
- _(n=7)_ _p₈_ = `67+71+73+79+83+89+97+101                                        ` = 660 
- _(n=8)_ _p₉_ = `67+71+73+79+83+89+97+101+103                                    ` = 763 
- _(n=9)_ _p₁₀_ = `67+71+73+79+83+89+97+101+103+107                                ` = 870 
- _(n=10)_ _p₁₁_ = `67+71+73+79+83+89+97+101+103+107+109                            ` = 979 
- _(n=11)_ _p₁₂_ = `67+71+73+79+83+89+97+101+103+107+109+113                        ` = 1092
- _(n=12)_ _p₁₃_ = `67+71+73+79+83+89+97+101+103+107+109+113+127                    ` = 1219
- _(n=13)_ _p₁₄_ = `67+71+73+79+83+89+97+101+103+107+109+113+127+131                ` = 1350
- _(n=14)_ _p₁₅_ = `67+71+73+79+83+89+97+101+103+107+109+113+127+131+137            ` = 1487
- _(n=15)_ _p₁₆_ = `67+71+73+79+83+89+97+101+103+107+109+113+127+131+137+139        ` = 1626
- _(n=16)_ _p₁₇_ = `67+71+73+79+83+89+97+101+103+107+109+113+127+131+137+139+149    ` = 1775
- _(n=17)_ _p₁₈_ = `67+71+73+79+83+89+97+101+103+107+109+113+127+131+137+139+149+151` = 1926
