- _( n )_ _tᵢ_ = `Σ                                                                      ` = _i?_
---
- _(n=0)_ _p₁_ = `461                                                                    ` = 461 
- _(n=1)_ _p₂_ = `461+463                                                                ` = 924 
- _(n=2)_ _p₃_ = `461+463+467                                                            ` = 1391
- _(n=3)_ _p₄_ = `461+463+467+479                                                        ` = 1870
- _(n=4)_ _p₅_ = `461+463+467+479+487                                                    ` = 2357
- _(n=5)_ _p₆_ = `461+463+467+479+487+491                                                ` = 2848
- _(n=6)_ _p₇_ = `461+463+467+479+487+491+499                                            ` = 3347
- _(n=7)_ _p₈_ = `461+463+467+479+487+491+499+503                                        ` = 3850
- _(n=8)_ _p₉_ = `461+463+467+479+487+491+499+503+509                                    ` = 4359
- _(n=9)_ _p₁₀_ = `461+463+467+479+487+491+499+503+509+521                                ` = 4880
- _(n=10)_ _p₁₁_ = `461+463+467+479+487+491+499+503+509+521+523                            ` = 5403
- _(n=11)_ _p₁₂_ = `461+463+467+479+487+491+499+503+509+521+523+541                        ` = 5944
- _(n=12)_ _p₁₃_ = `461+463+467+479+487+491+499+503+509+521+523+541+547                    ` = 6491
- _(n=13)_ _p₁₄_ = `461+463+467+479+487+491+499+503+509+521+523+541+547+557                ` = 7048
- _(n=14)_ _p₁₅_ = `461+463+467+479+487+491+499+503+509+521+523+541+547+557+563            ` = 7611
- _(n=15)_ _p₁₆_ = `461+463+467+479+487+491+499+503+509+521+523+541+547+557+563+569        ` = 8180
- _(n=16)_ _p₁₇_ = `461+463+467+479+487+491+499+503+509+521+523+541+547+557+563+569+571    ` = 8751
- _(n=17)_ _p₁₈_ = `461+463+467+479+487+491+499+503+509+521+523+541+547+557+563+569+571+577` = 9328
